2024-09-15 02:18:30 [INFO] Application started
2024-09-15 02:19:45 [INFO] Database connection established
2024-09-15 02:20:12 [INFO] Loading configuration files
2024-09-15 02:21:03 [INFO] Security modules initialized
2024-09-15 02:22:18 [INFO] Network interfaces configured
2024-09-15 02:23:44 [INFO] User authentication service started
2024-09-15 02:25:16 [INFO] System monitoring enabled
2024-09-15 02:27:39 [INFO] Backup service initialized
2024-09-15 02:29:21 [INFO] Antivirus engine loaded
2024-09-15 02:31:07 [INFO] Firewall rules applied
2024-09-15 02:33:22 [INFO] Log rotation scheduled
2024-09-15 02:35:41 [INFO] Performance counters started
2024-09-15 02:37:58 [INFO] Email service initialized
2024-09-15 02:40:15 [INFO] Print spooler service started
2024-09-15 02:42:33 [INFO] Web server listening on port 443
2024-09-15 02:45:07 [INFO] Certificate validation completed
2024-09-15 02:47:21 [INFO] DNS resolver configured
2024-09-15 02:49:44 [INFO] Time synchronization successful
2024-09-15 02:52:16 [INFO] System health check passed
2024-09-15 03:15:22 [INFO] User 'admin' logged in successfully
2024-09-15 03:17:45 [INFO] System maintenance window started
2024-09-15 03:20:31 [INFO] Temporary files cleanup initiated
2024-09-15 03:25:17 [INFO] Registry optimization completed
2024-09-15 03:28:44 [INFO] Disk defragmentation started
2024-09-15 03:32:19 [INFO] Memory optimization performed
2024-09-15 03:35:52 [INFO] Cache cleanup completed
2024-09-15 03:38:15 [INFO] System maintenance window ended
2024-09-15 03:39:45 [INFO] Scheduled backup completed successfully
2024-09-15 03:41:22 [INFO] Backup verification passed
2024-09-15 03:43:18 [INFO] Old backup files archived
2024-09-15 03:45:39 [INFO] Backup logs updated
2024-09-15 04:12:44 [INFO] Automated security scan initiated
2024-09-15 04:18:27 [INFO] Port scan detection enabled
2024-09-15 04:23:51 [INFO] Intrusion detection system active
2024-09-15 04:29:16 [INFO] File integrity monitoring started
2024-09-15 04:34:43 [INFO] Network traffic analysis enabled
2024-09-15 04:40:18 [INFO] Security scan completed - no threats detected
2024-09-15 04:45:32 [INFO] Security report generated
2024-09-15 05:11:47 [INFO] System performance metrics collected
2024-09-15 05:16:23 [INFO] CPU usage: 12%
2024-09-15 05:18:41 [INFO] Memory usage: 34%
2024-09-15 05:21:15 [INFO] Disk usage: 67%
2024-09-15 05:23:52 [INFO] Network utilization: 5%
2024-09-15 05:26:19 [INFO] Database performance optimal
2024-09-15 05:28:44 [INFO] Application response time: 120ms
2024-09-15 05:31:17 [INFO] Session cleanup completed
2024-09-15 05:34:42 [INFO] Garbage collection performed
2024-09-15 05:37:28 [INFO] Connection pool optimized
2024-09-15 05:40:13 [INFO] Cache hit ratio: 87%
2024-09-15 06:05:31 [INFO] Virus definition download started
2024-09-15 06:07:44 [INFO] Downloading signature updates
2024-09-15 06:09:13 [INFO] Virus definition update OK
2024-09-15 06:11:27 [INFO] Antivirus engine reloaded
2024-09-15 06:13:52 [INFO] Real-time protection enabled
2024-09-15 06:16:18 [INFO] Scheduled scan configured
2024-09-15 06:18:43 [INFO] Quarantine folder checked
2024-09-15 06:21:16 [INFO] Heuristic analysis updated
2024-09-15 06:23:41 [INFO] Cloud security enabled
2024-09-15 06:26:17 [INFO] Threat intelligence updated
2024-09-15 07:45:22 [INFO] User 'mjohnson' logged in successfully
2024-09-15 07:47:38 [INFO] User session established
2024-09-15 07:50:14 [INFO] Desktop environment loaded
2024-09-15 07:52:41 [INFO] Network drives mounted
2024-09-15 07:55:17 [INFO] Printer queue checked
2024-09-15 07:57:43 [INFO] Application shortcuts loaded
2024-09-15 08:00:19 [INFO] User profile synchronized
2024-09-15 08:02:44 [INFO] Email client initialized
2024-09-15 08:05:21 [INFO] Calendar synchronization completed
2024-09-15 08:07:47 [INFO] Document templates loaded
2024-09-15 08:32:15 [INFO] Database backup verification started
2024-09-15 08:35:42 [INFO] Transaction log backup completed
2024-09-15 08:38:18 [INFO] Index maintenance performed
2024-09-15 08:40:53 [INFO] Statistics updated
2024-09-15 08:43:29 [INFO] Query optimization completed
2024-09-15 08:45:54 [INFO] Database integrity check passed
2024-09-15 08:48:31 [INFO] Connection monitoring active
2024-09-15 08:51:07 [INFO] Deadlock detection enabled
2024-09-15 08:53:42 [INFO] Performance baseline established
2024-09-15 08:56:19 [INFO] Maintenance plan executed
2024-09-15 09:15:33 [INFO] User 'rkumar' logged in successfully
2024-09-15 09:18:47 [INFO] File access permissions verified
2024-09-15 09:21:22 [INFO] Document search index updated
2024-09-15 09:24:48 [INFO] Collaboration tools initialized
2024-09-15 09:27:14 [INFO] Version control system synced
2024-09-15 09:29:41 [INFO] Project workspace loaded
2024-09-15 09:30:30 [INFO] User 'rkumar' downloaded monthly report.pdf
2024-09-15 09:32:16 [INFO] File download completed
2024-09-15 09:34:52 [INFO] Audit trail updated
2024-09-15 09:37:28 [INFO] User activity logged
2024-09-15 09:40:04 [INFO] Session extended
2024-09-15 10:22:18 [INFO] System resource monitoring active
2024-09-15 10:25:43 [INFO] Process list analyzed
2024-09-15 10:28:19 [INFO] Service dependencies verified
2024-09-15 10:30:54 [INFO] Registry changes monitored
2024-09-15 10:33:31 [INFO] File system activity tracked
2024-09-15 10:36:07 [INFO] Network connections logged
2024-09-15 10:38:42 [INFO] CPU temperature normal
2024-09-15 10:41:18 [INFO] Hard drive health checked
2024-09-15 10:43:55 [INFO] Power management optimized
2024-09-15 10:46:31 [INFO] System uptime: 8 hours 28 minutes
2024-09-15 11:12:45 [INFO] Web server access log rotated
2024-09-15 11:15:21 [INFO] Error log archived
2024-09-15 11:17:57 [INFO] Performance log updated
2024-09-15 11:20:33 [INFO] Security log maintained
2024-09-15 11:23:09 [INFO] Application log compressed
2024-09-15 11:25:45 [INFO] Debug log cleared
2024-09-15 11:28:21 [INFO] Audit log backed up
2024-09-15 11:30:57 [INFO] Event log optimized
2024-09-15 11:33:33 [INFO] Log retention policy applied
2024-09-15 11:36:09 [INFO] Log storage usage: 2.3 GB
2024-09-15 12:45:22 [INFO] User 'schen' logged in successfully
2024-09-15 12:47:58 [INFO] Multi-factor authentication verified
2024-09-15 12:50:34 [INFO] Security token validated
2024-09-15 12:53:10 [INFO] Access control evaluated
2024-09-15 12:55:46 [INFO] Permission matrix updated
2024-09-15 12:58:22 [INFO] Role assignment verified
2024-09-15 13:00:58 [INFO] Group membership synchronized
2024-09-15 13:03:34 [INFO] Policy enforcement active
2024-09-15 13:06:10 [INFO] Compliance check completed
2024-09-15 13:08:46 [INFO] Security posture assessed
2024-09-15 14:15:17 [INFO] Network infrastructure scan started
2024-09-15 14:18:43 [INFO] Switch configuration verified
2024-09-15 14:21:19 [INFO] Router status checked
2024-09-15 14:23:55 [INFO] Firewall rules validated
2024-09-15 14:26:31 [INFO] VPN connections monitored
2024-09-15 14:29:07 [INFO] Bandwidth utilization measured
2024-09-15 14:31:43 [INFO] Network latency tested
2024-09-15 14:34:19 [INFO] DNS resolution verified
2024-09-15 14:36:55 [INFO] DHCP lease table updated
2024-09-15 14:39:31 [INFO] Network scan completed
2024-09-15 15:22:44 [INFO] Application update check initiated
2024-09-15 15:25:20 [INFO] Software inventory compiled
2024-09-15 15:27:56 [INFO] Version compatibility verified
2024-09-15 15:30:32 [INFO] Security patches evaluated
2024-09-15 15:33:08 [INFO] Critical updates identified
2024-09-15 15:35:44 [INFO] Update deployment scheduled
2024-09-15 15:38:20 [INFO] Rollback plan prepared
2024-09-15 15:40:56 [INFO] Change management notified
2024-09-15 15:43:32 [INFO] Testing environment prepared
2024-09-15 15:46:08 [INFO] Update validation completed
2024-09-15 16:35:21 [INFO] User 'dlewis' logged in successfully
2024-09-15 16:37:57 [INFO] Remote desktop session established
2024-09-15 16:40:33 [INFO] Screen resolution adjusted
2024-09-15 16:43:09 [INFO] Audio redirection configured
2024-09-15 16:45:45 [INFO] Clipboard sharing enabled
2024-09-15 16:48:21 [INFO] File transfer initiated
2024-09-15 16:50:57 [INFO] Printing services available
2024-09-15 16:53:33 [INFO] Session recording disabled
2024-09-15 16:56:09 [INFO] Bandwidth optimization applied
2024-09-15 16:58:45 [INFO] Connection stability monitored
2024-09-15 17:12:18 [INFO] Email server maintenance started
2024-09-15 17:14:54 [INFO] Mailbox database compacted
2024-09-15 17:17:30 [INFO] Message queue processed
2024-09-15 17:20:06 [INFO] Spam filter updated
2024-09-15 17:22:42 [INFO] Virus scanning enabled
2024-09-15 17:25:18 [INFO] Attachment filtering active
2024-09-15 17:27:54 [INFO] Encryption keys rotated
2024-09-15 17:30:30 [INFO] Message archival completed
2024-09-15 17:33:06 [INFO] Storage quota checked
2024-09-15 17:35:42 [INFO] Email server maintenance completed
2024-09-15 18:48:33 [INFO] System shutdown initiated
2024-09-15 18:51:09 [INFO] User sessions terminated
2024-09-15 18:53:45 [INFO] Applications closed gracefully
2024-09-15 18:56:21 [INFO] Database connections closed
2024-09-15 18:58:57 [INFO] Network services stopped
2024-09-15 19:01:33 [INFO] Security modules unloaded
2024-09-15 19:04:09 [INFO] Memory cleared
2024-09-15 19:06:45 [INFO] Temporary files cleaned
2024-09-15 19:09:21 [INFO] System log finalized
2024-09-15 19:11:57 [INFO] Shutdown completed
2024-09-16 08:15:42 [INFO] System startup initiated
2024-09-16 08:18:18 [INFO] Hardware initialization completed
2024-09-16 08:20:54 [INFO] Boot sequence verified
2024-09-16 08:23:30 [INFO] Operating system loaded
2024-09-16 08:26:06 [INFO] Device drivers initialized
2024-09-16 08:28:42 [INFO] System services started
2024-09-16 08:31:18 [INFO] Network connectivity established
2024-09-16 08:33:54 [INFO] Security framework loaded
2024-09-16 08:36:30 [INFO] Application layer initialized
2024-09-16 08:39:06 [INFO] User interface available
2024-09-16 09:22:19 [INFO] Morning system health check
2024-09-16 09:24:55 [INFO] CPU temperature: 42°C
2024-09-16 09:27:31 [INFO] Memory usage: 28%
2024-09-16 09:30:07 [INFO] Disk space available: 34%
2024-09-16 09:32:43 [INFO] Network performance optimal
2024-09-16 09:35:19 [INFO] Database connectivity verified
2024-09-16 09:37:55 [INFO] Application responsiveness normal
2024-09-16 09:40:31 [INFO] Security status green
2024-09-16 09:43:07 [INFO] Backup systems operational
2024-09-16 09:45:43 [INFO] Monitoring systems active
2024-09-16 09:48:19 [INFO] Health check completed
2024-09-16 10:33:27 [INFO] User 'agarcia' logged in successfully
2024-09-16 10:36:03 [INFO] Workstation configuration loaded
2024-09-16 10:38:39 [INFO] Software licenses validated
2024-09-16 10:41:15 [INFO] Security policies applied
2024-09-16 10:43:51 [INFO] Network access granted
2024-09-16 10:46:27 [INFO] File sharing permissions set
2024-09-16 10:49:03 [INFO] Printer access configured
2024-09-16 10:51:39 [INFO] Email account synchronized
2024-09-16 10:54:15 [INFO] Calendar events loaded
2024-09-16 10:56:51 [INFO] Contact list updated
2024-09-16 11:15:44 [INFO] Automated patch deployment started
2024-09-16 11:18:20 [INFO] System vulnerabilities scanned
2024-09-16 11:20:56 [INFO] Critical patches identified
2024-09-16 11:23:32 [INFO] Patch compatibility verified
2024-09-16 11:26:08 [INFO] Deployment schedule optimized
2024-09-16 11:28:44 [INFO] System backup created
2024-09-16 11:31:20 [INFO] Patch installation initiated
2024-09-16 11:33:56 [INFO] Registry modifications applied
2024-09-16 11:36:32 [INFO] File replacements completed
2024-09-16 11:39:08 [INFO] Patch deployment completed
2024-09-16 12:48:52 [INFO] User 'tbrown' logged in successfully
2024-09-16 12:51:28 [INFO] Administrative privileges verified
2024-09-16 12:54:04 [INFO] System configuration accessed
2024-09-16 12:56:40 [INFO] Service management console opened
2024-09-16 12:59:16 [INFO] Event viewer accessed
2024-09-16 13:01:52 [INFO] Registry editor opened
2024-09-16 13:04:28 [INFO] Task scheduler modified
2024-09-16 13:07:04 [INFO] Group policy updated
2024-09-16 13:09:40 [INFO] Security settings reviewed
2024-09-16 13:12:16 [INFO] System audit completed
2024-09-16 14:25:31 [INFO] Database maintenance window started
2024-09-16 14:28:07 [INFO] Full database backup initiated
2024-09-16 14:30:43 [INFO] Transaction log backup completed
2024-09-16 14:33:19 [INFO] Index defragmentation started
2024-09-16 14:33:45 [WARNING] Suspicious command line used: powershell.exe -enc U3RhcnQtQXBw   # anomaly
2024-09-16 14:34:10 [WARNING] Detected mimikatz.exe running in process tree   # anomaly
2024-09-16 14:35:55 [INFO] Statistics update completed
2024-09-16 14:38:31 [INFO] Consistency check performed
2024-09-16 14:41:07 [INFO] Performance tuning applied
2024-09-16 14:43:43 [INFO] Maintenance window completed
2024-09-16 15:17:26 [INFO] Network security scan initiated
2024-09-16 15:20:02 [INFO] Port scan detection active
2024-09-16 15:22:38 [INFO] Vulnerability assessment started
2024-09-16 15:25:14 [INFO] Service enumeration completed
2024-09-16 15:27:50 [INFO] SSL certificate validation performed
2024-09-16 15:30:26 [INFO] Firewall configuration reviewed
2024-09-16 15:33:02 [INFO] Intrusion detection system tested
2024-09-16 15:35:38 [INFO] Network access control verified
2024-09-16 15:38:14 [INFO] Security compliance assessed
2024-09-16 15:40:50 [INFO] Scan report generated
2024-09-16 16:44:15 [INFO] User 'kmiller' logged in successfully
2024-09-16 16:46:51 [INFO] Document management system accessed
2024-09-16 16:49:27 [INFO] File version control enabled
2024-09-16 16:52:03 [INFO] Collaboration workspace opened
2024-09-16 16:54:39 [INFO] Project timeline updated
2024-09-16 16:57:15 [INFO] Task assignments modified
2024-09-16 16:59:51 [INFO] Progress tracking enabled
2024-09-16 17:02:27 [INFO] Resource allocation optimized
2024-09-16 17:05:03 [INFO] Report generation initiated
2024-09-16 17:07:39 [INFO] Data visualization completed
2024-09-16 17:35:48 [INFO] System performance optimization started
2024-09-16 17:38:24 [INFO] Memory defragmentation initiated
2024-09-16 17:41:00 [INFO] Registry cleanup performed
2024-09-16 17:43:36 [INFO] Temporary file removal completed
2024-09-16 17:46:12 [INFO] Disk optimization started
2024-09-16 17:48:48 [INFO] Cache optimization performed
2024-09-16 17:51:24 [INFO] Service startup optimization completed
2024-09-16 17:54:00 [INFO] Network stack optimization applied
2024-09-16 17:56:36 [INFO] Performance baseline updated
2024-09-16 17:59:12 [INFO] Optimization completed
2024-09-16 18:22:37 [INFO] Evening backup routine started
2024-09-16 18:25:13 [INFO] User data backup initiated
2024-09-16 18:27:49 [INFO] System configuration backup completed
2024-09-16 18:30:25 [INFO] Application settings backup performed
2024-09-16 18:33:01 [INFO] Database backup verified
2024-09-16 18:35:37 [INFO] Log files archived
2024-09-16 18:38:13 [INFO] Security certificates backed up
2024-09-16 18:40:49 [INFO] Network configuration saved
2024-09-16 18:43:25 [INFO] Backup integrity verified
2024-09-16 18:46:01 [INFO] Backup routine completed
2024-09-17 07:45:18 [INFO] System startup completed
2024-09-17 07:47:54 [INFO] Daily maintenance tasks started
2024-09-17 07:50:30 [INFO] Event log analysis performed
2024-09-17 07:53:06 [INFO] Performance metrics collected
2024-09-17 07:55:42 [INFO] Security alerts reviewed
2024-09-17 07:58:18 [INFO] System resource usage analyzed
2024-09-17 08:00:54 [INFO] Network connectivity verified
2024-09-17 08:03:30 [INFO] Application status checked
2024-09-17 08:06:06 [INFO] Database health monitored
2024-09-17 08:08:42 [INFO] Backup systems validated
2024-09-17 08:11:18 [INFO] Daily maintenance completed
2024-09-17 09:28:45 [INFO] User 'pwilson' logged in successfully
2024-09-17 09:31:21 [INFO] Financial reporting module accessed
2024-09-17 09:33:57 [INFO] Data warehouse connection established
2024-09-17 09:36:33 [INFO] Query optimization enabled
2024-09-17 09:39:09 [INFO] Report parameters configured
2024-09-17 09:41:45 [INFO] Data aggregation started
2024-09-17 09:44:21 [INFO] Statistical analysis performed
2024-09-17 09:46:57 [INFO] Chart generation completed
2024-09-17 09:49:33 [INFO] Report formatting applied
2024-09-17 09:52:09 [INFO] Output validation successful
2024-09-17 10:15:23 [INFO] Cloud synchronization started
2024-09-17 10:17:59 [INFO] Authentication token validated
2024-09-17 10:20:35 [INFO] Data encryption verified
2024-09-17 10:23:11 [INFO] File synchronization initiated
2024-09-17 10:25:47 [INFO] Conflict resolution applied
2024-09-17 10:28:23 [INFO] Metadata synchronization completed
2024-09-17 10:30:59 [INFO] Version control updated
2024-09-17 10:33:35 [INFO] Access permissions synchronized
2024-09-17 10:36:11 [INFO] Sync completion verified
2024-09-17 10:38:47 [INFO] Cloud synchronization completed
2024-09-17 11:42:14 [INFO] User 'janderson' logged in successfully
2024-09-17 11:44:50 [INFO] CRM system accessed
2024-09-17 11:47:26 [INFO] Customer database connected
2024-09-17 11:50:02 [INFO] Sales pipeline updated
2024-09-17 11:52:38 [INFO] Lead scoring recalculated
2024-09-17 11:55:14 [INFO] Marketing automation triggered
2024-09-17 11:57:50 [INFO] Email templates synchronized
2024-09-17 12:00:26 [INFO] Customer interaction logged
2024-09-17 12:03:02 [INFO] Follow-up tasks created
2024-09-17 12:05:38 [INFO] Performance dashboard updated
2024-09-17 12:34:51 [INFO] System security audit initiated
2024-09-17 12:37:27 [INFO] User account permissions reviewed
2024-09-17 12:40:03 [INFO] Password policy compliance checked
2024-09-17 12:42:39 [INFO] Multi-factor authentication verified
2024-09-17 12:45:15 [INFO] Access control matrix updated
2024-09-17 12:47:51 [INFO] Privilege escalation monitoring active
2024-09-17 12:50:27 [INFO] Security event correlation performed
2024-09-17 12:53:03 [INFO] Threat intelligence updated
2024-09-17 12:55:39 [INFO] Vulnerability assessment completed
2024-09-17 12:58:15 [INFO] Security audit report generated
2024-09-17 14:18:42 [INFO] User 'rthomas' logged in successfully
2024-09-17 14:21:18 [INFO] HR management system accessed
2024-09-17 14:23:54 [INFO] Employee records updated
2024-09-17 14:26:30 [INFO] Payroll calculations verified
2024-09-17 14:29:06 [INFO] Benefits administration completed
2024-09-17 14:31:42 [INFO] Time tracking synchronized
2024-09-17 14:34:18 [INFO] Performance evaluation scheduled
2024-09-17 14:36:54 [INFO] Training records updated
2024-09-17 14:39:30 [INFO] Compliance reporting generated
2024-09-17 14:42:06 [INFO] Document workflow approved
2024-09-17 15:25:33 [INFO] Inventory management system updated
2024-09-17 15:28:09 [INFO] Stock levels verified
2024-09-17 15:30:45 [INFO] Supplier information synchronized
2024-09-17 15:33:21 [INFO] Purchase orders processed
2024-09-17 15:35:57 [INFO] Delivery schedules optimized
2024-09-17 15:38:33 [INFO] Quality control checkpoints updated
2024-09-17 15:41:09 [INFO] Cost analysis completed
2024-09-17 15:43:45 [INFO] Reorder alerts generated
2024-09-17 15:46:21 [INFO] Inventory report finalized
2024-09-17 16:12:28 [INFO] Data analytics pipeline started
2024-09-17 16:15:04 [INFO] Raw data ingestion completed
2024-09-17 16:17:40 [INFO] Data cleaning procedures applied
2024-09-17 16:20:16 [INFO] Data transformation performed
2024-09-17 16:22:52 [INFO] Feature engineering completed
2024-09-17 16:25:28 [INFO] Statistical modeling initiated
2024-09-17 16:28:04 [INFO] Machine learning algorithms applied
2024-09-17 16:30:40 [INFO] Model validation performed
2024-09-17 16:33:16 [INFO] Results visualization generated
2024-09-17 16:35:52 [INFO] Analytics pipeline completed
2024-09-17 17:49:17 [INFO] User 'nwhite' logged in successfully
2024-09-17 17:51:53 [INFO] Project management dashboard accessed
2024-09-17 17:54:29 [INFO] Task dependencies updated
2024-09-17 17:57:05 [INFO] Resource allocation optimized
2024-09-17 17:59:41 [INFO] Timeline adjustments applied
2024-09-17 18:02:17 [INFO] Risk assessment completed
2024-09-17 18:04:53 [INFO] Budget tracking updated
2024-09-17 18:07:29 [INFO] Milestone progress recorded
2024-09-17 18:10:05 [INFO] Team collaboration synchronized
2024-09-17 18:12:41 [INFO] Project status report generated
2024-09-17 18:45:26 [INFO] End-of-day system cleanup started
2024-09-17 18:48:02 [INFO] Temporary cache cleared
2024-09-17 18:50:38 [INFO] Session cleanup completed
2024-09-17 18:53:14 [INFO] Log files rotated
2024-09-17 18:55:50 [INFO] Memory optimization performed
2024-09-17 18:58:26 [INFO] Network connections monitored
2024-09-17 19:01:02 [INFO] Security event summary generated
2024-09-17 19:03:38 [INFO] System performance summary created
2024-09-17 19:06:14 [INFO] Backup verification completed
2024-09-17 19:08:50 [INFO] Daily cleanup routine finished
2024-09-18 01:15:44 [INFO] Midnight maintenance window opened
2024-09-18 01:18:20 [INFO] Database reorganization started
2024-09-18 01:20:56 [INFO] Index rebuilding initiated
2024-09-18 01:23:32 [INFO] Statistics update completed
2024-09-18 01:26:08 [INFO] Query plan cache cleared
2024-09-18 01:28:44 [INFO] Transaction log backup performed
2024-09-18 01:31:20 [INFO] Database consistency check passed
2024-09-18 01:33:56 [INFO] Performance optimization applied
2024-09-18 01:36:32 [INFO] Maintenance window closed
2024-09-18 01:39:08 [INFO] System monitoring resumed
2024-09-18 02:22:35 [INFO] Automated security scan initiated
2024-09-18 02:25:11 [INFO] Network perimeter scanning started
2024-09-18 02:27:47 [INFO] Internal system vulnerability check
2024-09-18 02:30:23 [INFO] Web application security testing
2024-09-18 02:32:59 [INFO] Database security assessment
2024-09-18 02:35:35 [INFO] Email security verification
2024-09-18 02:38:11 [INFO] Endpoint protection validation
2024-09-18 02:40:47 [INFO] Configuration compliance check
2024-09-18 02:43:23 [INFO] Security scan completed - no threats found
2024-09-18 02:45:59 [INFO] Security report generated
2024-09-18 03:18:44 [INFO] System backup verification started
2024-09-18 03:21:20 [INFO] Primary backup integrity checked
2024-09-18 03:23:56 [INFO] Secondary backup validated
2024-09-18 03:26:32 [INFO] Archive backup verified
2024-09-18 03:29:08 [INFO] Backup rotation policy applied
2024-09-18 03:31:44 [INFO] Offsite backup synchronization
2024-09-18 03:34:20 [INFO] Backup encryption verified
2024-09-18 03:36:56 [INFO] Recovery point objectives met
2024-09-18 03:39:32 [INFO] Backup verification completed
2024-09-18 03:42:08 [INFO] Disaster recovery plan updated
2024-09-18 04:55:17 [INFO] Performance monitoring analysis
2024-09-18 04:57:53 [INFO] CPU utilization trends analyzed
2024-09-18 05:00:29 [INFO] Memory usage patterns reviewed
2024-09-18 05:03:05 [INFO] Disk I/O performance measured
2024-09-18 05:05:41 [INFO] Network bandwidth utilization checked
2024-09-18 05:08:17 [INFO] Application response times evaluated
2024-09-18 05:10:53 [INFO] Database query performance analyzed
2024-09-18 05:13:29 [INFO] System bottlenecks identified
2024-09-18 05:16:05 [INFO] Performance optimization recommendations generated
2024-09-18 05:18:41 [INFO] Monitoring analysis completed
2024-09-18 06:31:26 [INFO] User 'lclark' logged in successfully
2024-09-18 06:34:02 [INFO] Morning shift handover initiated
2024-09-18 06:36:38 [INFO] System status briefing accessed
2024-09-18 06:39:14 [INFO] Overnight incident review completed
2024-09-18 06:41:50 [INFO] Priority task list updated
2024-09-18 06:44:26 [INFO] Resource allocation reviewed
2024-09-18 06:47:02 [INFO] Service level agreements checked
2024-09-18 06:49:38 [INFO] Customer support tickets prioritized
2024-09-18 06:52:14 [INFO] Team communication synchronized
2024-09-18 06:54:50 [INFO] Shift handover completed
2024-09-18 08:12:15 [INFO] User 'mrodriguez' logged in successfully
2024-09-18 08:14:51 [INFO] Quality assurance testing started
2024-09-18 08:17:27 [INFO] Test environment prepared
2024-09-18 08:20:03 [INFO] Automated test suite executed
2024-09-18 08:22:39 [INFO] Regression testing completed
2024-09-18 08:25:15 [INFO] Performance testing initiated
2024-09-18 08:27:51 [INFO] Load testing scenarios executed
2024-09-18 08:30:27 [INFO] Stress testing completed
2024-09-18 08:33:03 [INFO] Security testing performed
2024-09-18 08:35:39 [INFO] Test results validated
2024-09-18 09:48:44 [INFO] User 'bharris' logged in successfully
2024-09-18 09:51:20 [INFO] Customer service portal accessed
2024-09-18 09:53:56 [INFO] Support ticket queue reviewed
2024-09-18 09:56:32 [INFO] Priority issues escalated
2024-09-18 09:59:08 [INFO] Knowledge base updated
2024-09-18 10:01:44 [INFO] Customer feedback analyzed
2024-09-18 10:04:20 [INFO] Service improvement suggestions generated
2024-09-18 10:06:56 [INFO] Training materials updated
2024-09-18 10:09:32 [INFO] Customer satisfaction metrics calculated
2024-09-18 10:12:08 [INFO] Service level report generated
2024-09-18 11:25:33 [INFO] User 'ejones' logged in successfully
2024-09-18 11:28:09 [INFO] Marketing automation system accessed
2024-09-18 11:30:45 [INFO] Campaign performance analyzed
2024-09-18 11:33:21 [INFO] Lead generation metrics reviewed
2024-09-18 11:35:57 [INFO] Customer segmentation updated
2024-09-18 11:38:33 [INFO] Email marketing templates optimized
2024-09-18 11:41:09 [INFO] Social media integration verified
2024-09-18 11:43:45 [INFO] Content management workflow updated
2024-09-18 11:46:21 [INFO] A/B testing results analyzed
2024-09-18 11:48:57 [INFO] ROI calculations completed
2024-09-18 12:51:42 [INFO] User 'gdavis' logged in successfully
2024-09-18 12:54:18 [INFO] Business intelligence dashboard accessed
2024-09-18 12:56:54 [INFO] Data warehouse queries optimized
2024-09-18 12:59:30 [INFO] Executive reporting automated
2024-09-18 13:02:06 [INFO] KPI tracking updated
2024-09-18 13:04:42 [INFO] Predictive analytics models trained
2024-09-18 13:07:18 [INFO] Market trend analysis completed
2024-09-18 13:09:54 [INFO] Competitive intelligence gathered
2024-09-18 13:12:30 [INFO] Strategic planning data prepared
2024-09-18 13:15:06 [INFO] Business intelligence report finalized
2024-09-18 14:28:21 [INFO] User 'iwilliams' logged in successfully
2024-09-18 14:30:57 [INFO] Compliance monitoring system accessed
2024-09-18 14:33:33 [INFO] Regulatory requirements verified
2024-09-18 14:36:09 [INFO] Audit trail validation completed
2024-09-18 14:38:45 [INFO] Data privacy compliance checked
2024-09-18 14:41:21 [INFO] Security policy adherence verified
2024-09-18 14:43:57 [INFO] Industry standards assessment performed
2024-09-18 14:46:33 [INFO] Compliance gap analysis completed
2024-09-18 14:49:09 [INFO] Remediation plan updated
2024-09-18 14:51:45 [INFO] Compliance dashboard updated
2024-09-18 16:14:30 [INFO] User 'cmartin' logged in successfully
2024-09-18 16:17:06 [INFO] Supply chain management accessed
2024-09-18 16:19:42 [INFO] Vendor performance evaluated
2024-09-18 16:22:18 [INFO] Purchase order workflow optimized
2024-09-18 16:24:54 [INFO] Inventory turnover analyzed
2024-09-18 16:27:30 [INFO] Demand forecasting updated
2024-09-18 16:30:06 [INFO] Procurement cost optimization applied
2024-09-18 16:32:42 [INFO] Supplier risk assessment completed
2024-09-18 16:35:18 [INFO] Contract management updated
2024-09-18 16:37:54 [INFO] Supply chain efficiency report generated
2024-09-18 17:41:19 [INFO] User 'hlee' logged in successfully
2024-09-18 17:43:55 [INFO] Development environment accessed
2024-09-18 17:46:31 [INFO] Code repository synchronized
2024-09-18 17:49:07 [INFO] Build automation triggered
2024-09-18 17:51:43 [INFO] Unit tests executed
2024-09-18 17:54:19 [INFO] Code quality analysis performed
2024-09-18 17:56:55 [INFO] Static security analysis completed
2024-09-18 17:59:31 [INFO] Dependency vulnerability scan performed
2024-09-18 18:02:07 [INFO] Code review workflow initiated
2024-09-18 18:04:43 [INFO] Development metrics updated
2024-09-18 18:37:48 [INFO] Evening system maintenance started
2024-09-18 18:40:24 [INFO] System resource cleanup initiated
2024-09-18 18:43:00 [INFO] Process optimization performed
2024-09-18 18:45:36 [INFO] Memory leak detection completed
2024-09-18 18:48:12 [INFO] Network connection optimization applied
2024-09-18 18:50:48 [INFO] Service dependency verification completed
2024-09-18 18:53:24 [INFO] Configuration drift detection performed
2024-09-18 18:56:00 [INFO] System health validation completed
2024-09-18 18:58:36 [INFO] Maintenance tasks finalized
2024-09-18 19:31:51 [INFO] User 'fsmith' logged out successfully
2024-09-18 19:34:27 [INFO] Session cleanup performed
2024-09-18 19:37:03 [INFO] Resource deallocation completed
2024-09-18 19:39:39 [INFO] Access logs updated
2024-09-18 19:42:15 [INFO] Security event correlation performed
2024-09-18 19:44:51 [INFO] Audit trail finalized
2024-09-18 19:47:27 [INFO] User activity summary generated
2024-09-18 19:50:03 [INFO] System utilization metrics recorded
2024-09-18 19:52:39 [INFO] Performance baseline updated
2024-09-18 19:55:15 [INFO] Daily operational report completed
2024-10-25 04:15:22 [INFO] System startup completed
2024-10-25 04:16:38 [INFO] Security framework initialized
2024-10-25 04:17:10 [ERROR] Unauthorized registry modification attempt detected for HKLM\Software\Microsoft\Windows\CurrentVersion\Run   # anomaly
2024-10-25 04:18:00 [INFO] Scheduled task DailyUpdate completed
2024-10-25 04:19:44 [INFO] System monitoring resumed
2024-10-25 04:21:17 [INFO] Network connectivity verified
2024-10-25 04:23:52 [INFO] Database connections established
2024-10-25 04:26:28 [INFO] Application services started
2024-10-25 04:29:04 [INFO] User authentication ready
2024-10-25 04:31:40 [INFO] Backup services initialized
2024-10-25 04:34:16 [INFO] Email services operational
2024-10-25 04:36:52 [INFO] Web server listening on port 443
2024-10-25 04:39:28 [INFO] SSL certificates validated
2024-10-25 05:42:13 [INFO] User 'vtaylor' logged in successfully
2024-10-25 05:44:49 [INFO] Data analytics workstation accessed
2024-10-25 05:47:25 [INFO] Statistical software initialized
2024-10-25 05:50:01 [INFO] Dataset validation completed
2024-10-25 05:52:37 [INFO] Data preprocessing started
2024-10-25 05:55:13 [INFO] Feature selection performed
2024-10-25 05:57:49 [INFO] Model training initiated
2024-10-25 06:00:25 [INFO] Cross-validation completed
2024-10-25 06:03:01 [INFO] Model performance evaluated
2024-10-25 06:05:37 [INFO] Results visualization generated
2024-10-25 07:18:34 [INFO] User 'owilson' logged in successfully
2024-10-25 07:21:10 [INFO] Operations dashboard accessed
2024-10-25 07:23:46 [INFO] System health indicators reviewed
2024-10-25 07:26:22 [INFO] Performance metrics analyzed
2024-10-25 07:28:58 [INFO] Capacity planning updated
2024-10-25 07:31:34 [INFO] Resource allocation optimized
2024-10-25 07:34:10 [INFO] Service level agreements monitored
2024-10-25 07:36:46 [INFO] Incident response procedures reviewed
2024-10-25 07:39:22 [INFO] Change management workflow updated
2024-10-25 07:41:58 [INFO] Operations status report generated
2024-10-25 08:55:23 [INFO] User 'qmiller' logged in successfully
2024-10-25 08:57:59 [INFO] Financial planning system accessed
2024-10-25 09:00:35 [INFO] Budget allocation reviewed
2024-10-25 09:03:11 [INFO] Cost center analysis completed
2024-10-25 09:05:47 [INFO] Revenue forecasting updated
2024-10-25 09:08:23 [INFO] Cash flow projections generated
2024-10-25 09:10:59 [INFO] Financial risk assessment performed
2024-10-25 09:13:35 [INFO] Variance analysis completed
2024-10-25 09:16:11 [INFO] Financial performance dashboard updated
2024-10-25 09:18:47 [INFO] Executive financial report prepared
2024-12-20 05:33:18 [INFO] System maintenance window opened
2024-12-20 05:35:46 [CRITICAL] Files with .locked extension detected in user documents folder   # anomaly
2024-12-20 05:36:22 [INFO] Security alert escalated
2024-12-20 05:38:51 [INFO] Malware scan initiated
2024-12-20 05:41:27 [INFO] File quarantine procedures activated
2024-12-20 05:44:03 [INFO] Network isolation protocols enabled
2024-12-20 05:46:39 [INFO] Backup recovery procedures initiated
2024-12-20 05:49:15 [INFO] User notification system activated
2024-12-20 05:51:51 [INFO] Incident response team notified
2024-12-20 05:54:27 [INFO] Forensic analysis initiated
2024-12-20 05:57:03 [INFO] System containment measures applied
2024-12-20 06:29:38 [INFO] User 'arobinson' logged in successfully
2024-12-20 06:32:14 [INFO] Document management accessed
2024-12-20 06:34:50 [INFO] File integrity verification performed
2024-12-20 06:37:26 [INFO] Version control system updated
2024-12-20 06:40:02 [INFO] Document approval workflow initiated
2024-12-20 06:42:38 [INFO] Collaboration tools synchronized
2024-12-20 06:45:14 [INFO] Search index optimization completed
2024-12-20 06:47:50 [INFO] Metadata management updated
2024-12-20 06:50:26 [INFO] Document retention policies applied
2024-12-20 06:53:02 [INFO] Compliance audit trail maintained
2024-12-20 08:14:41 [INFO] User 'john' logged in successfully
2024-12-20 08:17:17 [INFO] Office productivity suite accessed
2024-12-20 08:19:53 [INFO] Document templates loaded
2024-12-20 08:22:29 [INFO] Spell check and grammar enabled
2024-12-20 08:25:05 [INFO] Auto-save functionality activated
2024-12-20 08:27:41 [INFO] Cloud synchronization verified
2024-12-20 08:30:17 [INFO] Collaboration features enabled
2024-12-20 08:32:53 [INFO] Plugin compatibility checked
2024-12-20 08:35:29 [INFO] Macro security validated
2024-12-20 08:38:05 [INFO] Document conversion tools ready
2024-12-20 09:02:17 [INFO] User 'john' generated quarterly_summary.pptx
2024-12-20 09:04:53 [INFO] Presentation template applied
2024-12-20 09:07:29 [INFO] Data visualization charts created
2024-12-20 09:10:05 [INFO] Animation effects configured
2024-12-20 09:12:41 [INFO] Speaker notes added
2024-12-20 09:15:17 [INFO] Slide transitions optimized
2024-12-20 09:17:53 [INFO] Final formatting review completed
2024-12-20 09:20:29 [INFO] Document saved successfully
2024-12-20 09:23:05 [INFO] Version history updated
2024-12-20 09:25:41 [INFO] File sharing permissions configured
2024-12-20 09:28:17 [INFO] Presentation export completed
2024-12-20 09:33:46 [INFO] Print spooler service active
2024-12-20 09:36:12 [INFO] Print job completed to HP_LaserJet_01
2024-12-20 09:38:48 [INFO] Printer status verified
2024-12-20 09:41:24 [INFO] Paper tray levels checked
2024-12-20 09:44:00 [INFO] Toner levels adequate
2024-12-20 09:46:36 [INFO] Print queue cleared
2024-12-20 09:49:12 [INFO] Printer maintenance scheduled
2024-12-20 09:51:48 [INFO] Print audit log updated
2024-12-20 09:54:24 [INFO] Cost tracking enabled
2024-12-20 09:57:00 [INFO] Environment optimization applied
2024-12-20 11:18:35 [INFO] User 'kwhite' logged in successfully
2024-12-20 11:21:11 [INFO] Research database accessed
2024-12-20 11:23:47 [INFO] Literature review initiated
2024-12-20 11:26:23 [INFO] Citation management updated
2024-12-20 11:28:59 [INFO] Peer review workflow activated
2024-12-20 11:31:35 [INFO] Collaboration tools configured
2024-12-20 11:34:11 [INFO] Data analysis software loaded
2024-12-20 11:36:47 [INFO] Statistical modeling prepared
2024-12-20 11:39:23 [INFO] Research methodology validated
2024-12-20 11:41:59 [INFO] Publication submission ready
2024-12-20 12:55:24 [INFO] User 'rgreen' logged in successfully
2024-12-20 12:57:00 [WARNING] Multiple failed login attempts detected from IP 192.168.1.45   # anomaly
2024-12-20 12:58:36 [INFO] Account lockout policy enforced
2024-12-20 13:01:12 [INFO] Security monitoring enhanced
2024-12-20 13:03:48 [INFO] Network access controls verified
2024-12-20 13:06:24 [INFO] Intrusion prevention system activated
2024-12-20 13:09:00 [INFO] Threat intelligence updated
2024-12-20 13:11:36 [INFO] Security awareness training scheduled
2024-12-20 13:14:12 [INFO] Password policy compliance checked
2024-12-20 13:16:48 [INFO] Multi-factor authentication enforced
2024-12-20 13:19:24 [INFO] Security incident documentation updated
2024-12-20 14:42:49 [INFO] User 'tblack' logged in successfully
2024-12-20 14:45:25 [INFO] Training management system accessed
2024-12-20 14:48:01 [INFO] Course catalog updated
2024-12-20 14:50:37 [INFO] Learning progress tracked
2024-12-20 14:53:13 [INFO] Certification requirements verified
2024-12-20 14:55:49 [INFO] Skills assessment completed
2024-12-20 14:58:25 [INFO] Training effectiveness measured
2024-12-20 15:01:01 [INFO] Knowledge retention evaluated
2024-12-20 15:03:37 [INFO] Training budget allocation optimized
2024-12-20 15:06:13 [INFO] Professional development plan updated
2024-12-20 15:08:49 [INFO] Training compliance report generated
2024-12-20 16:29:18 [INFO] User 'syoung' logged in successfully
2024-12-20 16:31:54 [INFO] Asset management system accessed
2024-12-20 16:34:30 [INFO] Hardware inventory updated
2024-12-20 16:37:06 [INFO] Software license compliance verified
2024-12-20 16:39:42 [INFO] Depreciation schedules calculated
2024-12-20 16:42:18 [INFO] Maintenance contracts reviewed
2024-12-20 16:44:54 [INFO] Asset lifecycle management optimized
2024-12-20 16:47:30 [INFO] Procurement planning updated
2024-12-20 16:50:06 [INFO] Disposal procedures initiated
2024-12-20 16:52:42 [INFO] Asset utilization report generated
2024-12-20 16:55:18 [INFO] Cost optimization recommendations prepared
2024-12-20 18:16:43 [INFO] User 'mhall' logged in successfully
2024-12-20 18:19:19 [INFO] Customer relationship management accessed
2024-12-20 18:21:55 [INFO] Client interaction history reviewed
2024-12-20 18:24:31 [INFO] Sales opportunity pipeline updated
2024-12-20 18:27:07 [INFO] Customer satisfaction surveys analyzed
2024-12-20 18:29:43 [INFO] Service ticket resolution tracked
2024-12-20 18:32:19 [INFO] Account management strategy refined
2024-12-20 18:34:55 [INFO] Revenue forecasting updated
2024-12-20 18:37:31 [INFO] Cross-selling opportunities identified
2024-12-20 18:40:07 [INFO] Customer retention metrics calculated
2024-12-20 18:42:43 [INFO] Relationship management report finalized
2024-12-20 19:58:32 [INFO] Evening system diagnostics started
2024-12-20 20:01:08 [INFO] System resource utilization measured
2024-12-20 20:03:44 [INFO] Network performance analyzed
2024-12-20 20:06:20 [INFO] Database optimization performed
2024-12-20 20:08:56 [INFO] Application response times evaluated
2024-12-20 20:11:32 [INFO] Security event correlation completed
2024-12-20 20:14:08 [INFO] Backup integrity verification performed
2024-12-20 20:16:44 [INFO] System health dashboard updated
2024-12-20 20:19:20 [INFO] Performance baseline established
2024-12-20 20:21:56 [INFO] Diagnostics completed successfully