# === EXISTING CONTENT REMAINS (Sept 15-18, 2024) ===
[... keep all existing 600+ lines from original ...]

# === ADDITIONAL LEGITIMATE BUSINESS OPERATIONS ===

# September 19-30, 2024 - Extended Normal Operations
2024-09-19 08:15:22 [INFO] System startup completed
2024-09-19 08:18:07 [INFO] Daily health check initiated
2024-09-19 08:20:44 [INFO] Service dependencies verified
2024-09-19 08:23:19 [INFO] Network connectivity confirmed
2024-09-19 08:25:56 [INFO] Database connections established
2024-09-19 08:28:31 [INFO] Application services started
2024-09-19 09:15:48 [INFO] User 'spatil' logged in successfully
2024-09-19 09:18:25 [INFO] Sales reporting dashboard accessed
2024-09-19 09:21:02 [INFO] Revenue metrics calculated
2024-09-19 09:23:37 [INFO] Quarter-end analysis initiated
2024-09-19 09:26:14 [INFO] Sales pipeline reviewed
2024-09-19 10:42:33 [INFO] User 'rmahajan' logged in successfully
2024-09-19 10:45:10 [INFO] Inventory audit completed
2024-09-19 10:47:45 [INFO] Stock replenishment scheduled
2024-09-19 10:50:22 [INFO] Vendor payment processing initiated
2024-09-19 11:55:17 [INFO] Automated backup completed successfully
2024-09-19 11:57:54 [INFO] Backup verification passed
2024-09-19 12:00:29 [INFO] Archive cleanup completed
2024-09-19 14:22:41 [INFO] User 'akrishnan' logged in successfully
2024-09-19 14:25:18 [INFO] Legal document repository accessed
2024-09-19 14:27:53 [INFO] Contract management system updated
2024-09-19 16:38:25 [INFO] Evening database optimization started
2024-09-19 16:41:02 [INFO] Index rebuild completed
2024-09-19 16:43:37 [INFO] Statistics refresh completed
2024-09-19 18:55:14 [INFO] Daily log rotation completed

2024-09-20 08:10:33 [INFO] System monitoring resumed
2024-09-20 08:13:10 [INFO] Performance metrics collected
2024-09-20 09:28:22 [INFO] User 'dsaxena' logged in successfully
2024-09-20 09:30:59 [INFO] HR management system accessed
2024-09-20 09:33:34 [INFO] Employee records updated
2024-09-20 11:45:47 [INFO] User 'vdesai' logged in successfully
2024-09-20 11:48:24 [INFO] Project tracking system accessed
2024-09-20 11:50:59 [INFO] Task assignments updated
2024-09-20 14:02:16 [INFO] User 'nsharma' logged in successfully
2024-09-20 14:04:53 [INFO] Customer support portal accessed
2024-09-20 14:07:28 [INFO] Ticket resolution workflow updated
2024-09-20 16:18:41 [INFO] System security scan completed - no threats
2024-09-20 18:32:58 [INFO] Evening maintenance window started
2024-09-20 18:35:33 [INFO] Temporary file cleanup completed
2024-09-20 18:38:10 [INFO] Cache optimization performed

# October 2024 - Continued Normal Operations
2024-10-01 08:22:15 [INFO] Monthly reporting initiated
2024-10-01 08:24:52 [INFO] Financial statements generated
2024-10-01 10:35:27 [INFO] User 'rverma' logged in successfully
2024-10-01 10:38:04 [INFO] Compliance audit system accessed
2024-10-01 12:48:19 [INFO] User 'amukhopadhyay' logged in successfully
2024-10-01 12:50:56 [INFO] Data warehouse synchronization completed
2024-10-01 15:02:31 [INFO] Quality assurance testing completed
2024-10-01 17:14:46 [INFO] Code deployment to staging environment
2024-10-01 19:26:03 [INFO] Daily backup verification successful

2024-10-05 09:15:38 [INFO] User 'svenkatesh' logged in successfully
2024-10-05 09:18:15 [INFO] Business intelligence dashboard accessed
2024-10-05 11:28:50 [INFO] User 'pjoshi' logged in successfully
2024-10-05 11:31:27 [INFO] Marketing analytics system accessed
2024-10-05 13:42:14 [INFO] User 'kmenon' logged in successfully
2024-10-05 13:44:51 [INFO] Supply chain optimization completed
2024-10-05 15:56:26 [INFO] Automated report distribution completed
2024-10-05 18:08:01 [INFO] System performance optimization applied

2024-10-10 08:30:17 [INFO] User 'rbhatt' logged in successfully
2024-10-10 08:32:54 [INFO] Training management system accessed
2024-10-10 10:44:29 [INFO] User 'msrinivasan' logged in successfully
2024-10-10 10:47:06 [INFO] Research data repository accessed
2024-10-10 12:58:41 [INFO] User 'asubramanian' logged in successfully
2024-10-10 13:01:18 [INFO] Document collaboration platform accessed
2024-10-10 15:12:53 [INFO] Version control synchronization completed
2024-10-10 17:24:28 [INFO] Code review workflow completed

2024-10-15 09:22:45 [INFO] User 'dgandhi' logged in successfully
2024-10-15 09:25:22 [INFO] Operations management dashboard accessed
2024-10-15 11:36:57 [INFO] User 'nkapoor' logged in successfully
2024-10-15 11:39:34 [INFO] Procurement system accessed
2024-10-15 13:51:09 [INFO] User 'rmalhotra' logged in successfully
2024-10-15 13:53:46 [INFO] Asset tracking system updated
2024-10-15 16:05:21 [INFO] System health monitoring completed
2024-10-15 18:16:56 [INFO] Database maintenance window completed

2024-10-20 08:18:33 [INFO] User 'schopra' logged in successfully
2024-10-20 08:21:10 [INFO] Financial planning system accessed
2024-10-20 10:32:45 [INFO] User 'bsingh' logged in successfully
2024-10-20 10:35:22 [INFO] Customer feedback analysis completed
2024-10-20 12:46:57 [INFO] User 'tmehta' logged in successfully
2024-10-20 12:49:34 [INFO] Knowledge base system updated
2024-10-20 15:01:09 [INFO] Automated testing suite executed
2024-10-20 17:12:44 [INFO] Performance benchmarking completed

# October 25, 2024 - The Defense Evasion Day (mostly normal traffic)
2024-10-25 08:05:52 [INFO] System startup completed
2024-10-25 08:08:29 [INFO] Morning health check passed
2024-10-25 08:11:04 [INFO] Service status verified
2024-10-25 09:24:17 [INFO] User 'arao' logged in successfully
2024-10-25 09:26:54 [INFO] Strategic planning dashboard accessed
2024-10-25 11:38:29 [INFO] User 'psharma' logged in successfully
2024-10-25 11:41:06 [INFO] Risk management system accessed
2024-10-25 13:52:41 [INFO] User 'kmishra' logged in successfully
2024-10-25 13:55:18 [INFO] Quality control metrics reviewed
2024-10-25 16:07:53 [INFO] System backup completed successfully
2024-10-25 18:19:28 [INFO] Evening security scan completed - no threats
2024-10-25 20:31:03 [INFO] Daily operations summary generated

# November 2024 - Normal Operations Continue
2024-11-01 08:25:44 [INFO] Monthly system maintenance completed
2024-11-01 10:37:19 [INFO] User 'nbansal' logged in successfully
2024-11-01 10:39:56 [INFO] Expense management system accessed
2024-11-01 12:51:31 [INFO] User 'rchawla' logged in successfully
2024-11-01 12:54:08 [INFO] Travel booking system accessed
2024-11-01 15:05:43 [INFO] Automated invoice processing completed
2024-11-01 17:17:18 [INFO] Audit trail verification completed

2024-11-05 09:18:55 [INFO] User 'sgupta' logged in successfully
2024-11-05 09:21:32 [INFO] Budget tracking dashboard accessed
2024-11-05 11:33:07 [INFO] User 'apriya' logged in successfully
2024-11-05 11:35:44 [INFO] Performance appraisal system accessed
2024-11-05 13:47:19 [INFO] User 'dkhanna' logged in successfully
2024-11-05 13:49:56 [INFO] Learning management system accessed
2024-11-05 16:01:31 [INFO] Certificate generation completed
2024-11-05 18:13:06 [INFO] System performance report generated

2024-11-10 08:32:21 [INFO] User 'mmisra' logged in successfully
2024-11-10 08:34:58 [INFO] Sales forecasting system accessed
2024-11-10 10:46:33 [INFO] User 'rbose' logged in successfully
2024-11-10 10:49:10 [INFO] Market analysis dashboard accessed
2024-11-10 13:00:45 [INFO] User 'skumar' logged in successfully
2024-11-10 13:03:22 [INFO] Competitive intelligence system accessed
2024-11-10 15:14:57 [INFO] Data mining operations completed
2024-11-10 17:26:32 [INFO] Business insights report generated

# November 15, 2024 - C2 Communication Day (buried in normal traffic)
2024-11-15 08:12:38 [INFO] System startup completed
2024-11-15 08:15:15 [INFO] Daily monitoring initiated
2024-11-15 08:17:50 [INFO] Network diagnostics completed
2024-11-15 08:45:22 [WARNING] Network connection: cmd.exe -> 203.0.113.75:443   # anomaly
2024-11-15 08:47:51 [WARNING] Network connection: powershell.exe -> 198.51.100.7:8443   # anomaly
2024-11-15 09:28:27 [INFO] User 'pnair' logged in successfully
2024-11-15 09:31:04 [INFO] Client relationship management accessed
2024-11-15 11:42:39 [INFO] User 'agopal' logged in successfully
2024-11-15 11:45:16 [INFO] Service desk portal accessed
2024-11-15 13:56:51 [INFO] User 'skothari' logged in successfully
2024-11-15 13:59:28 [INFO] Infrastructure monitoring dashboard accessed
2024-11-15 16:11:03 [INFO] System optimization completed
2024-11-15 18:22:38 [INFO] Evening backup verification successful

# November 22, 2024 - Exfiltration Preparation (hidden in traffic)
2024-11-22 08:20:55 [INFO] System health check completed
2024-11-22 08:23:32 [INFO] Performance baseline established
2024-11-22 10:35:07 [INFO] User 'rsingh' logged in successfully
2024-11-22 10:37:44 [INFO] Resource planning system accessed
2024-11-22 12:49:19 [INFO] User 'tshah' logged in successfully
2024-11-22 12:51:56 [INFO] Capacity management dashboard accessed
2024-11-22 14:33:18 [WARNING] Outbound connection allowed to suspicious IP 203.0.113.0   # anomaly
2024-11-22 15:03:31 [INFO] User 'nreddy' logged in successfully
2024-11-22 15:06:08 [INFO] Workflow automation system accessed
2024-11-22 17:17:43 [INFO] Process optimization completed
2024-11-22 19:29:18 [INFO] Daily summary report generated

# December 2024 - Pre-Ransomware Normal Operations
2024-12-01 08:28:14 [INFO] Monthly maintenance window completed
2024-12-01 10:39:49 [INFO] User 'amurthy' logged in successfully
2024-12-01 10:42:26 [INFO] Business continuity system accessed
2024-12-01 12:54:01 [INFO] User 'pkumar' logged in successfully
2024-12-01 12:56:38 [INFO] Disaster recovery plan reviewed
2024-12-01 15:08:13 [INFO] Backup restoration test successful
2024-12-01 17:19:48 [INFO] System resilience validated

2024-12-05 09:15:25 [INFO] User 'dmahajan' logged in successfully
2024-12-05 09:18:02 [INFO] Data governance dashboard accessed
2024-12-05 11:29:37 [INFO] User 'svenkat' logged in successfully
2024-12-05 11:32:14 [INFO] Compliance reporting system accessed
2024-12-05 13:43:49 [INFO] User 'rpillai' logged in successfully
2024-12-05 13:46:26 [INFO] Security awareness training completed
2024-12-05 15:58:01 [INFO] Policy management updated
2024-12-05 18:09:36 [INFO] Risk assessment completed
2024-12-05 22:15:44 [WARNING] Large data transfer detected: 2.5 GB to 198.51.100.7:5555   # anomaly

2024-12-10 08:22:43 [INFO] User 'asinha' logged in successfully
2024-12-10 08:25:20 [INFO] Vendor management system accessed
2024-12-10 10:36:55 [INFO] User 'nmenon' logged in successfully
2024-12-10 10:39:32 [INFO] Contract lifecycle management accessed
2024-12-10 12:51:07 [INFO] User 'ktiwari' logged in successfully
2024-12-10 12:53:44 [INFO] Legal compliance system accessed
2024-12-10 15:05:19 [INFO] Document retention policies applied
2024-12-10 17:16:54 [INFO] Archive management completed

2024-12-15 09:28:31 [INFO] User 'bchandra' logged in successfully
2024-12-15 09:31:08 [INFO] Change management system accessed
2024-12-15 11:42:43 [INFO] User 'rraghavan' logged in successfully
2024-12-15 11:45:20 [INFO] Configuration management accessed
2024-12-15 13:56:55 [INFO] User 'svenkataraman' logged in successfully
2024-12-15 13:59:32 [INFO] Service catalog updated
2024-12-15 16:11:07 [INFO] ITSM workflows optimized
2024-12-15 18:22:42 [INFO] Incident management metrics reviewed

# December 20, 2024 - RANSOMWARE DAY (Heavy Legitimate Traffic)
2024-12-20 05:15:28 [INFO] System startup initiated
2024-12-20 05:18:05 [INFO] Services initialization completed
2024-12-20 05:20:40 [INFO] Network connectivity established
2024-12-20 05:23:17 [INFO] Database connections verified
2024-12-20 05:25:52 [INFO] Application layer loaded
2024-12-20 05:28:29 [INFO] Security framework initialized
2024-12-20 05:30:42 [CRITICAL] Malicious file download detected: ransomware.exe from evil.com   # anomaly
2024-12-20 05:31:04 [INFO] Monitoring services active
2024-12-20 05:32:55 [CRITICAL] Executable file created in Public directory: C:\\Users\\Public\\ransomware.exe   # anomaly
2024-12-20 05:33:44 [CRITICAL] File timestamp manipulation detected (timestomping)   # anomaly
2024-12-20 05:35:28 [CRITICAL] Ransomware execution detected: ransomware.exe --encrypt-all   # anomaly
2024-12-20 05:35:46 [CRITICAL] Files with .locked extension detected in user documents folder   # anomaly
2024-12-20 05:36:11 [CRITICAL] Ransom note created: README_RANSOM.txt   # anomaly
2024-12-20 05:36:44 [CRITICAL] Multiple ransom notes detected across all user directories   # anomaly
2024-12-20 05:37:22 [CRITICAL] Mass file modification event: 1,247 files encrypted in 45 seconds   # anomaly
2024-12-20 05:38:51 [CRITICAL] Ransomware behavior detected: Win32/Suspicious.Ransomware   # anomaly
2024-12-20 05:40:33 [CRITICAL] Ransomware C2 communication: Victim ID transmitted   # anomaly
2024-12-20 05:42:18 [CRITICAL] Encryption key transmitted to attacker C2 server   # anomaly
2024-12-20 05:44:05 [WARNING] Ransomware process self-termination after encryption completion   # anomaly
2024-12-20 05:46:40 [INFO] Automated security response initiated
2024-12-20 05:49:17 [INFO] Incident response procedures activated
2024-12-20 06:01:52 [INFO] Forensic data collection started
2024-12-20 06:04:29 [INFO] System isolation protocols applied
2024-12-20 06:07:04 [INFO] Backup restoration procedures initiated
2024-12-20 08:18:39 [INFO] User 'john' logged in successfully
2024-12-20 08:21:16 [INFO] Office productivity suite accessed
2024-12-20 08:17:44 [ERROR] Application failed to open file: document.docx.locked - File encrypted   # anomaly
2024-12-20 08:20:15 [ERROR] Database connection failed: Files encrypted by ransomware   # anomaly
2024-12-20 08:22:51 [ERROR] User reported inability to access files - All files show .locked extension   # anomaly
2024-12-20 08:23:51 [INFO] Document templates loaded
2024-12-20 08:25:33 [CRITICAL] Incident response initiated: Ransomware attack confirmed   # anomaly
2024-12-20 08:26:28 [INFO] Auto-save functionality activated
2024-12-20 08:28:07 [INFO] Network isolation protocols activated
2024-12-20 08:29:05 [INFO] Cloud synchronization verified
2024-12-20 08:30:44 [INFO] Backup recovery procedures initiated
2024-12-20 08:31:42 [INFO] Collaboration features enabled
2024-12-20 08:33:18 [INFO] Security alert escalated to management
2024-12-20 08:34:19 [INFO] Plugin compatibility checked
2024-12-20 08:36:22 [INFO] Forensic analysis initiated
2024-12-20 08:36:56 [INFO] Macro security validated
2024-12-20 08:38:51 [INFO] Malware scan initiated across all systems
2024-12-20 08:39:33 [INFO] Document conversion tools ready
2024-12-20 10:42:14 [INFO] User 'smenon' logged in successfully
2024-12-20 10:44:51 [INFO] Emergency response coordination system accessed
2024-12-20 12:56:26 [INFO] User 'rvenkat' logged in successfully
2024-12-20 12:59:03 [INFO] Incident tracking system accessed
2024-12-20 12:57:00 [WARNING] Multiple failed login attempts detected from IP 192.168.1.45   # anomaly
2024-12-20 15:10:38 [INFO] User 'akumar' logged in successfully
2024-12-20 15:13:15 [INFO] Recovery operations dashboard accessed
2024-12-20 17:24:50 [INFO] System restoration progress monitored
2024-12-20 19:36:25 [INFO] Evening status report generated
2024-12-20 21:48:00 [INFO] Recovery operations continuing
2024-12-20 23:59:35 [INFO] Daily incident log finalized
